# JRE version: Java(TM) SE Runtime Environment (17.0.1+12) (build 17.0.1+12-LTS-39)
# Java VM: Java HotSpot(TM) 64-Bit Server VM (17.0.1+12-LTS-39, mixed mode, sharing, tiered, compressed oops, compressed class ptrs, g1 gc, windows-amd64)
GC Precious Log:
 CPUs: 4 total, 4 available
 Memory: 8056M
 Large Page Support: Disabled
 NUMA Support: Disabled
 Compressed Oops: Enabled (32-bit)
 Heap Region Size: 1M
 Heap Min Capacity: 8M
 Heap Initial Capacity: 126M
 Heap Max Capacity: 2016M
 Pre-touch: Disabled
 Parallel Workers: 4
 Concurrent Workers: 1
 Concurrent Refinement Workers: 4
 Periodic GC: Disabled
Heap:
 garbage-first heap   total 62464K, used 25509K [0x0000000082000000, 0x0000000100000000)
  region size 1024K, 10 young (10240K), 1 survivors (1024K)
 Metaspace       used 27351K, committed 27584K, reserved 1073152K
  class space    used 3655K, committed 3776K, reserved 1048576K
GC Heap History (10 events):
Event: 0.865 GC heap before
{Heap before GC invocations=0 (full 0):
 garbage-first heap   total 129024K, used 13312K [0x0000000082000000, 0x0000000100000000)
  region size 1024K, 13 young (13312K), 0 survivors (0K)
 Metaspace       used 2683K, committed 2880K, reserved 1056768K
  class space    used 283K, committed 384K, reserved 1048576K
}
Event: 0.870 GC heap after
{Heap after GC invocations=1 (full 0):
 garbage-first heap   total 129024K, used 2128K [0x0000000082000000, 0x0000000100000000)
  region size 1024K, 2 young (2048K), 2 survivors (2048K)
 Metaspace       used 2683K, committed 2880K, reserved 1056768K
  class space    used 283K, committed 384K, reserved 1048576K
}
Event: 2.002 GC heap before
{Heap before GC invocations=1 (full 0):
 garbage-first heap   total 129024K, used 18512K [0x0000000082000000, 0x0000000100000000)
  region size 1024K, 19 young (19456K), 2 survivors (2048K)
 Metaspace       used 9601K, committed 9792K, reserved 1064960K
  class space    used 1071K, committed 1152K, reserved 1048576K
}
Event: 2.012 GC heap after
{Heap after GC invocations=2 (full 0):
 garbage-first heap   total 129024K, used 5326K [0x0000000082000000, 0x0000000100000000)
  region size 1024K, 3 young (3072K), 3 survivors (3072K)
 Metaspace       used 9601K, committed 9792K, reserved 1064960K
  class space    used 1071K, committed 1152K, reserved 1048576K
}
Event: 7.885 GC heap before
{Heap before GC invocations=2 (full 0):
 garbage-first heap   total 129024K, used 64718K [0x0000000082000000, 0x0000000100000000)
  region size 1024K, 56 young (57344K), 3 survivors (3072K)
 Metaspace       used 21271K, committed 21504K, reserved 1073152K
  class space    used 2863K, committed 3008K, reserved 1048576K
}
Event: 7.898 GC heap after
{Heap after GC invocations=3 (full 0):
 garbage-first heap   total 129024K, used 15969K [0x0000000082000000, 0x0000000100000000)
  region size 1024K, 8 young (8192K), 8 survivors (8192K)
 Metaspace       used 21271K, committed 21504K, reserved 1073152K
  class space    used 2863K, committed 3008K, reserved 1048576K
}
Event: 18.696 GC heap before
{Heap before GC invocations=4 (full 0):
 garbage-first heap   total 61440K, used 47713K [0x0000000082000000, 0x0000000100000000)
  region size 1024K, 35 young (35840K), 8 survivors (8192K)
 Metaspace       used 26533K, committed 26816K, reserved 1073152K
  class space    used 3609K, committed 3712K, reserved 1048576K
}
Event: 18.715 GC heap after
{Heap after GC invocations=5 (full 0):
 garbage-first heap   total 62464K, used 16305K [0x0000000082000000, 0x0000000100000000)
  region size 1024K, 5 young (5120K), 5 survivors (5120K)
 Metaspace       used 26533K, committed 26816K, reserved 1073152K
  class space    used 3609K, committed 3712K, reserved 1048576K
}
Event: 18.765 GC heap before
{Heap before GC invocations=5 (full 0):
 garbage-first heap   total 62464K, used 17329K [0x0000000082000000, 0x0000000100000000)
  region size 1024K, 6 young (6144K), 5 survivors (5120K)
 Metaspace       used 26585K, committed 26880K, reserved 1073152K
  class space    used 3613K, committed 3776K, reserved 1048576K
}
Event: 18.774 GC heap after
{Heap after GC invocations=6 (full 0):
 garbage-first heap   total 62464K, used 17317K [0x0000000082000000, 0x0000000100000000)
  region size 1024K, 1 young (1024K), 1 survivors (1024K)
 Metaspace       used 26585K, committed 26880K, reserved 1073152K
  class space    used 3613K, committed 3776K, reserved 1048576K
}

